[    0.000000] Linux version 4.15.0-96-generic (buildd@lgw01-amd64-004) (gcc version 7.5.0 (Ubuntu 7.5.0-3ubuntu1~18.04)) #97-Ubuntu SMP Wed Apr 1 03:25:46 UTC 2020 (Ubuntu 4.15.0-96.97-generic 4.15.18)
[    0.000000] Command line: BOOT_IMAGE=/boot/vmlinuz-4.15.0-96-generic root=LABEL=cloudimg-rootfs ro console=tty1 console=ttyS0
[    0.000000] KERNEL supported cpus:
[    0.000000]   Intel GenuineIntel
[    0.000000]   AMD AuthenticAMD
[    0.000000]   Centaur CentaurHauls
[    0.000000] [Firmware Bug]: TSC doesn't count with P0 frequency!
[    0.000000] x86/fpu: Supporting XSAVE feature 0x001: 'x87 floating point registers'
[    0.000000] x86/fpu: Supporting XSAVE feature 0x002: 'SSE registers'
[    0.000000] x86/fpu: Supporting XSAVE feature 0x004: 'AVX registers'
[    0.000000] x86/fpu: xstate_offset[2]:  576, xstate_sizes[2]:  256
[    0.000000] x86/fpu: Enabled xstate features 0x7, context size is 832 bytes, using 'standard' format.
[    0.000000] e820: BIOS-provided physical RAM map:
[    0.000000] BIOS-e820: [mem 0x0000000000000000-0x000000000009fbff] usable
[    0.000000] BIOS-e820: [mem 0x000000000009fc00-0x000000000009ffff] reserved
[    0.000000] BIOS-e820: [mem 0x00000000000f0000-0x00000000000fffff] reserved
[    0.000000] BIOS-e820: [mem 0x0000000000100000-0x000000003ffeffff] usable
[    0.000000] BIOS-e820: [mem 0x000000003fff0000-0x000000003fffffff] ACPI data
[    0.000000] BIOS-e820: [mem 0x00000000fec00000-0x00000000fec00fff] reserved
[    0.000000] BIOS-e820: [mem 0x00000000fee00000-0x00000000fee00fff] reserved
[    0.000000] BIOS-e820: [mem 0x00000000fffc0000-0x00000000ffffffff] reserved
[    0.000000] NX (Execute Disable) protection: active
[    0.000000] SMBIOS 2.5 present.
[    0.000000] DMI: innotek GmbH VirtualBox/VirtualBox, BIOS VirtualBox 12/01/2006
[    0.000000] Hypervisor detected: KVM
[    0.000000] e820: last_pfn = 0x3fff0 max_arch_pfn = 0x400000000
[    0.000000] MTRR: Disabled
[    0.000000] x86/PAT: MTRRs disabled, skipping PAT initialization too.
[    0.000000] CPU MTRRs all blank - virtualized system.
[    0.000000] x86/PAT: Configuration [0-7]: WB  WT  UC- UC  WB  WT  UC- UC  
[    0.000000] found SMP MP-table at [mem 0x0009fff0-0x0009ffff]
[    0.000000] Scanning 1 areas for low memory corruption
[    0.000000] RAMDISK: [mem 0x35a6b000-0x36d2cfff]
[    0.000000] ACPI: Early table checksum verification disabled
[    0.000000] ACPI: RSDP 0x00000000000E0000 000024 (v02 VBOX  )
[    0.000000] ACPI: XSDT 0x000000003FFF0030 00003C (v01 VBOX   VBOXXSDT 00000001 ASL  00000061)
[    0.000000] ACPI: FACP 0x000000003FFF00F0 0000F4 (v04 VBOX   VBOXFACP 00000001 ASL  00000061)
[    0.000000] ACPI: DSDT 0x000000003FFF0470 002325 (v02 VBOX   VBOXBIOS 00000002 INTL 20100528)
[    0.000000] ACPI: FACS 0x000000003FFF0200 000040
[    0.000000] ACPI: FACS 0x000000003FFF0200 000040
[    0.000000] ACPI: APIC 0x000000003FFF0240 00005C (v02 VBOX   VBOXAPIC 00000001 ASL  00000061)
[    0.000000] ACPI: SSDT 0x000000003FFF02A0 0001CC (v01 VBOX   VBOXCPUT 00000002 INTL 20100528)
[    0.000000] No NUMA configuration found
[    0.000000] Faking a node at [mem 0x0000000000000000-0x000000003ffeffff]
[    0.000000] NODE_DATA(0) allocated [mem 0x3ffc5000-0x3ffeffff]
[    0.000000] kvm-clock: cpu 0, msr 0:3ff44001, primary cpu clock
[    0.000000] kvm-clock: Using msrs 4b564d01 and 4b564d00
[    0.000000] kvm-clock: using sched offset of 3429858896 cycles
[    0.000000] clocksource: kvm-clock: mask: 0xffffffffffffffff max_cycles: 0x1cd42e4dffb, max_idle_ns: 881590591483 ns
[    0.000000] Zone ranges:
[    0.000000]   DMA      [mem 0x0000000000001000-0x0000000000ffffff]
[    0.000000]   DMA32    [mem 0x0000000001000000-0x000000003ffeffff]
[    0.000000]   Normal   empty
[    0.000000]   Device   empty
[    0.000000] Movable zone start for each node
[    0.000000] Early memory node ranges
[    0.000000]   node   0: [mem 0x0000000000001000-0x000000000009efff]
[    0.000000]   node   0: [mem 0x0000000000100000-0x000000003ffeffff]
[    0.000000] Reserved but unavailable: 98 pages
[    0.000000] Initmem setup node 0 [mem 0x0000000000001000-0x000000003ffeffff]
[    0.000000] ACPI: PM-Timer IO Port: 0x4008
[    0.000000] IOAPIC[0]: apic_id 2, version 32, address 0xfec00000, GSI 0-23
[    0.000000] ACPI: INT_SRC_OVR (bus 0 bus_irq 0 global_irq 2 dfl dfl)
[    0.000000] ACPI: INT_SRC_OVR (bus 0 bus_irq 9 global_irq 9 low level)
[    0.000000] Using ACPI (MADT) for SMP configuration information
[    0.000000] smpboot: Allowing 2 CPUs, 0 hotplug CPUs
[    0.000000] PM: Registered nosave memory: [mem 0x00000000-0x00000fff]
[    0.000000] PM: Registered nosave memory: [mem 0x0009f000-0x0009ffff]
[    0.000000] PM: Registered nosave memory: [mem 0x000a0000-0x000effff]
[    0.000000] PM: Registered nosave memory: [mem 0x000f0000-0x000fffff]
[    0.000000] e820: [mem 0x40000000-0xfebfffff] available for PCI devices
[    0.000000] Booting paravirtualized kernel on KVM
[    0.000000] clocksource: refined-jiffies: mask: 0xffffffff max_cycles: 0xffffffff, max_idle_ns: 7645519600211568 ns
[    0.000000] random: get_random_bytes called from start_kernel+0x99/0x4fd with crng_init=0
[    0.000000] setup_percpu: NR_CPUS:8192 nr_cpumask_bits:2 nr_cpu_ids:2 nr_node_ids:1
[    0.000000] percpu: Embedded 45 pages/cpu s147456 r8192 d28672 u1048576
[    0.000000] PV qspinlock hash table entries: 256 (order: 0, 4096 bytes)
[    0.000000] Built 1 zonelists, mobility grouping on.  Total pages: 257913
[    0.000000] Policy zone: DMA32
[    0.000000] Kernel command line: BOOT_IMAGE=/boot/vmlinuz-4.15.0-96-generic root=LABEL=cloudimg-rootfs ro console=tty1 console=ttyS0
[    0.000000] Memory: 983060K/1048120K available (12300K kernel code, 2481K rwdata, 4264K rodata, 2432K init, 2712K bss, 65060K reserved, 0K cma-reserved)
[    0.000000] SLUB: HWalign=64, Order=0-3, MinObjects=0, CPUs=2, Nodes=1
[    0.000000] ftrace: allocating 39351 entries in 154 pages
[    0.004000] Hierarchical RCU implementation.
[    0.004000] 	RCU restricting CPUs from NR_CPUS=8192 to nr_cpu_ids=2.
[    0.004000] 	Tasks RCU enabled.
[    0.004000] RCU: Adjusting geometry for rcu_fanout_leaf=16, nr_cpu_ids=2
[    0.004000] NR_IRQS: 524544, nr_irqs: 440, preallocated irqs: 16
[    0.004000] Console: colour VGA+ 80x25
[    0.004000] console [tty1] enabled
[    0.004000] console [ttyS0] enabled
[    0.004000] ACPI: Core revision 20170831
[    0.004000] ACPI: 2 ACPI AML tables successfully acquired and loaded
[    0.004000] APIC: Switch to symmetric I/O mode setup
[    0.004000] x2apic enabled
[    0.004000] Switched APIC routing to physical x2apic.
[    0.004000] ..TIMER: vector=0x30 apic1=0 pin1=2 apic2=-1 pin2=-1
[    0.004000] tsc: Detected 3493.434 MHz processor
[    0.004000] Calibrating delay loop (skipped) preset value.. 6986.86 BogoMIPS (lpj=13973736)
[    0.004000] pid_max: default: 32768 minimum: 301
[    0.004000] Security Framework initialized
[    0.004000] Yama: becoming mindful.
[    0.004000] AppArmor: AppArmor initialized
[    0.004000] Dentry cache hash table entries: 131072 (order: 8, 1048576 bytes)
[    0.004000] Inode-cache hash table entries: 65536 (order: 7, 524288 bytes)
[    0.004000] Mount-cache hash table entries: 2048 (order: 2, 16384 bytes)
[    0.004000] Mountpoint-cache hash table entries: 2048 (order: 2, 16384 bytes)
[    0.004000] Last level iTLB entries: 4KB 1024, 2MB 1024, 4MB 512
[    0.004000] Last level dTLB entries: 4KB 2048, 2MB 2048, 4MB 1024, 1GB 0
[    0.004000] Spectre V1 : Mitigation: usercopy/swapgs barriers and __user pointer sanitization
[    0.004000] Spectre V2 : Spectre mitigation: LFENCE not serializing, switching to generic retpoline
[    0.004000] Spectre V2 : Mitigation: Full generic retpoline
[    0.004000] Spectre V2 : Spectre v2 / SpectreRSB mitigation: Filling RSB on context switch
[    0.004000] Speculative Store Bypass: Mitigation: Speculative Store Bypass disabled via prctl and seccomp
[    0.004000] Freeing SMP alternatives memory: 36K
[    0.129040] APIC calibration not consistent with PM-Timer: 121ms instead of 100ms
[    0.129877] APIC delta adjusted to PM-Timer: 6452598 (7819193)
[    0.130607] smpboot: CPU0: AMD Ryzen 9 3950X 16-Core Processor (family: 0x17, model: 0x71, stepping: 0x0)
[    0.131637] Performance Events: PMU not available due to virtualization, using software events only.
[    0.132000] Hierarchical SRCU implementation.
[    0.132000] NMI watchdog: Perf event create on CPU 0 failed with -2
[    0.132000] NMI watchdog: Perf NMI watchdog permanently disabled
[    0.132029] smp: Bringing up secondary CPUs ...
[    0.132573] x86: Booting SMP configuration:
[    0.133029] .... node  #0, CPUs:      #1
[    0.004000] kvm-clock: cpu 1, msr 0:3ff44041, secondary cpu clock
[    0.136028] smp: Brought up 1 node, 2 CPUs
[    0.136478] smpboot: Max logical packages: 1
[    0.137019] smpboot: Total of 2 processors activated (13973.73 BogoMIPS)
[    0.137865] devtmpfs: initialized
[    0.137865] x86/mm: Memory block size: 128MB
[    0.137865] evm: security.selinux
[    0.137865] evm: security.SMACK64
[    0.140009] evm: security.SMACK64EXEC
[    0.140440] evm: security.SMACK64TRANSMUTE
[    0.140898] evm: security.SMACK64MMAP
[    0.141392] evm: security.apparmor
[    0.141810] evm: security.ima
[    0.142162] evm: security.capability
[    0.142581] clocksource: jiffies: mask: 0xffffffff max_cycles: 0xffffffff, max_idle_ns: 7645041785100000 ns
[    0.142581] futex hash table entries: 512 (order: 3, 32768 bytes)
[    0.148023] pinctrl core: initialized pinctrl subsystem
[    0.148673] RTC time:  1:19:05, date: 04/17/20
[    0.149352] NET: Registered protocol family 16
[    0.149896] audit: initializing netlink subsys (disabled)
[    0.150476] audit: type=2000 audit(1587086350.382:1): state=initialized audit_enabled=0 res=1
[    0.152007] cpuidle: using governor ladder
[    0.152447] cpuidle: using governor menu
[    0.152609] ACPI: bus type PCI registered
[    0.152609] acpiphp: ACPI Hot Plug PCI Controller Driver version: 0.5
[    0.153171] PCI: Using configuration type 1 for base access
[    0.153732] PCI: Using configuration type 1 for extended access
[    0.156353] HugeTLB registered 2.00 MiB page size, pre-allocated 0 pages
[    0.156695] ACPI: Added _OSI(Module Device)
[    0.156969] ACPI: Added _OSI(Processor Device)
[    0.157873] ACPI: Added _OSI(3.0 _SCP Extensions)
[    0.160004] ACPI: Added _OSI(Processor Aggregator Device)
[    0.161028] ACPI: Added _OSI(Linux-Dell-Video)
[    0.161926] ACPI: Added _OSI(Linux-Lenovo-NV-HDMI-Audio)
[    0.162963] ACPI: Added _OSI(Linux-HPI-Hybrid-Graphics)
[    0.164000] ACPI: Executed 1 blocks of module-level executable AML code
[    0.167364] ACPI: Interpreter enabled
[    0.167765] ACPI: (supports S0 S5)
[    0.168002] ACPI: Using IOAPIC for interrupt routing
[    0.168636] PCI: Using host bridge windows from ACPI; if necessary, use "pci=nocrs" and report a bug
[    0.169661] ACPI: Enabled 2 GPEs in block 00 to 07
[    0.173074] ACPI: PCI Root Bridge [PCI0] (domain 0000 [bus 00-ff])
[    0.173701] acpi PNP0A03:00: _OSC: OS supports [ExtendedConfig ASPM ClockPM Segments MSI]
[    0.175163] acpi PNP0A03:00: _OSC: platform does not support [PCIeCapability]
[    0.176000] acpi PNP0A03:00: _OSC: not requesting control; platform does not support [PCIeCapability]
[    0.176002] acpi PNP0A03:00: _OSC: OS requested [PCIeHotplug PME AER PCIeCapability]
[    0.176764] acpi PNP0A03:00: _OSC: platform willing to grant [PCIeHotplug PME AER]
[    0.177541] acpi PNP0A03:00: _OSC failed (AE_SUPPORT); disabling ASPM
[    0.178430] PCI host bridge to bus 0000:00
[    0.179254] pci_bus 0000:00: root bus resource [io  0x0000-0x0cf7 window]
[    0.179928] pci_bus 0000:00: root bus resource [io  0x0d00-0xffff window]
[    0.180000] pci_bus 0000:00: root bus resource [mem 0x000a0000-0x000bffff window]
[    0.180002] pci_bus 0000:00: root bus resource [mem 0x40000000-0xfdffffff window]
[    0.180756] pci_bus 0000:00: root bus resource [bus 00-ff]
[    0.182640] pci 0000:00:01.1: legacy IDE quirk: reg 0x10: [io  0x01f0-0x01f7]
[    0.183344] pci 0000:00:01.1: legacy IDE quirk: reg 0x14: [io  0x03f6]
[    0.183999] pci 0000:00:01.1: legacy IDE quirk: reg 0x18: [io  0x0170-0x0177]
[    0.184001] pci 0000:00:01.1: legacy IDE quirk: reg 0x1c: [io  0x0376]
[    0.191417] pci 0000:00:07.0: quirk: [io  0x4000-0x403f] claimed by PIIX4 ACPI
[    0.192008] pci 0000:00:07.0: quirk: [io  0x4100-0x410f] claimed by PIIX4 SMB
[    0.195110] ACPI: PCI Interrupt Link [LNKA] (IRQs 5 9 10 *11)
[    0.196000] ACPI: PCI Interrupt Link [LNKB] (IRQs 5 9 *10 11)
[    0.196070] ACPI: PCI Interrupt Link [LNKC] (IRQs 5 *9 10 11)
[    0.196806] ACPI: PCI Interrupt Link [LNKD] (IRQs 5 9 10 *11)
[    0.197694] SCSI subsystem initialized
[    0.198128] pci 0000:00:02.0: vgaarb: setting as boot VGA device
[    0.198128] pci 0000:00:02.0: vgaarb: VGA device added: decodes=io+mem,owns=io+mem,locks=none
[    0.198128] pci 0000:00:02.0: vgaarb: bridge control possible
[    0.198128] vgaarb: loaded
[    0.200017] ACPI: bus type USB registered
[    0.200498] usbcore: registered new interface driver usbfs
[    0.201079] usbcore: registered new interface driver hub
[    0.201631] usbcore: registered new device driver usb
[    0.202198] EDAC MC: Ver: 3.0.0
[    0.202198] PCI: Using ACPI for IRQ routing
[    0.202198] NetLabel: Initializing
[    0.204002] NetLabel:  domain hash size = 128
[    0.204453] NetLabel:  protocols = UNLABELED CIPSOv4 CALIPSO
[    0.205068] NetLabel:  unlabeled traffic allowed by default
[    0.205634] clocksource: Switched to clocksource kvm-clock
[    0.234852] VFS: Disk quotas dquot_6.6.0
[    0.235339] VFS: Dquot-cache hash table entries: 512 (order 0, 4096 bytes)
[    0.236052] AppArmor: AppArmor Filesystem Enabled
[    0.236539] pnp: PnP ACPI init
[    0.237485] pnp: PnP ACPI: found 3 devices
[    0.244535] clocksource: acpi_pm: mask: 0xffffff max_cycles: 0xffffff, max_idle_ns: 2085701024 ns
[    0.245442] NET: Registered protocol family 2
[    0.245964] TCP established hash table entries: 8192 (order: 4, 65536 bytes)
[    0.246659] TCP bind hash table entries: 8192 (order: 5, 131072 bytes)
[    0.255182] TCP: Hash tables configured (established 8192 bind 8192)
[    0.255942] UDP hash table entries: 512 (order: 2, 16384 bytes)
[    0.256567] UDP-Lite hash table entries: 512 (order: 2, 16384 bytes)
[    0.257211] NET: Registered protocol family 1
[    0.257656] pci 0000:00:00.0: Limiting direct PCI/PCI transfers
[    0.258252] pci 0000:00:01.0: Activating ISA DMA hang workarounds
[    0.258900] pci 0000:00:02.0: Video device with shadowed ROM at [mem 0x000c0000-0x000dffff]
[    0.259164] Unpacking initramfs...
[    0.588866] Freeing initrd memory: 19208K
[    0.589409] clocksource: tsc: mask: 0xffffffffffffffff max_cycles: 0x325b15e89c7, max_idle_ns: 440795202126 ns
[    0.590230] platform rtc_cmos: registered platform RTC device (no PNP device found)
[    0.590230] Scanning for low memory corruption every 60 seconds
[    0.593154] Initialise system trusted keyrings
[    0.593678] Key type blacklist registered
[    0.594167] workingset: timestamp_bits=36 max_order=18 bucket_order=0
[    0.595521] zbud: loaded
[    0.596382] squashfs: version 4.0 (2009/01/31) Phillip Lougher
[    0.597238] fuse init (API version 7.26)
[    0.600095] Key type asymmetric registered
[    0.600512] Asymmetric key parser 'x509' registered
[    0.601027] Block layer SCSI generic (bsg) driver version 0.4 loaded (major 246)
[    0.601838] io scheduler noop registered
[    0.602246] io scheduler deadline registered
[    0.602695] io scheduler cfq registered (default)
[    0.603353] ACPI: AC Adapter [AC] (on-line)
[    0.603808] input: Power Button as /devices/LNXSYSTM:00/LNXPWRBN:00/input/input0
[    0.604597] ACPI: Power Button [PWRF]
[    0.605025] input: Sleep Button as /devices/LNXSYSTM:00/LNXSLPBN:00/input/input1
[    0.605773] ACPI: Sleep Button [SLPF]
[    0.606405] Serial: 8250/16550 driver, 32 ports, IRQ sharing enabled
[    0.628422] 00:02: ttyS0 at I/O 0x3f8 (irq = 4, base_baud = 115200) is a 16550A
[    0.630973] Linux agpgart interface v0.103
[    0.632553] loop: module loaded
[    0.633316] scsi host0: ata_piix
[    0.634026] scsi host1: ata_piix
[    0.634399] ata1: PATA max UDMA/33 cmd 0x1f0 ctl 0x3f6 bmdma 0xd000 irq 14
[    0.635047] ata2: PATA max UDMA/33 cmd 0x170 ctl 0x376 bmdma 0xd008 irq 15
[    0.635730] libphy: Fixed MDIO Bus: probed
[    0.636211] tun: Universal TUN/TAP device driver, 1.6
[    0.636808] PPP generic driver version 2.4.2
[    0.637337] ehci_hcd: USB 2.0 'Enhanced' Host Controller (EHCI) Driver
[    0.637994] ehci-pci: EHCI PCI platform driver
[    0.638495] ehci-platform: EHCI generic platform driver
[    0.639114] ohci_hcd: USB 1.1 'Open' Host Controller (OHCI) Driver
[    0.639743] ohci-pci: OHCI PCI platform driver
[    0.640215] ohci-platform: OHCI generic platform driver
[    0.640751] uhci_hcd: USB Universal Host Controller Interface driver
[    0.641401] i8042: PNP: PS/2 Controller [PNP0303:PS2K,PNP0f03:PS2M] at 0x60,0x64 irq 1,12
[    0.642571] serio: i8042 KBD port at 0x60,0x64 irq 1
[    0.643085] serio: i8042 AUX port at 0x60,0x64 irq 12
[    0.643663] mousedev: PS/2 mouse device common for all mice
[    0.644415] input: AT Translated Set 2 keyboard as /devices/platform/i8042/serio0/input/input2
[    0.645501] rtc_cmos rtc_cmos: rtc core: registered rtc_cmos as rtc0
[    0.646152] rtc_cmos rtc_cmos: alarms up to one day, 114 bytes nvram
[    0.646770] i2c /dev entries driver
[    0.647166] device-mapper: uevent: version 1.0.3
[    0.647683] device-mapper: ioctl: 4.37.0-ioctl (2017-09-20) initialised: dm-devel@redhat.com
[    0.648561] ledtrig-cpu: registered to indicate activity on CPUs
[    0.649410] NET: Registered protocol family 10
[    0.655701] Segment Routing with IPv6
[    0.656126] NET: Registered protocol family 17
[    0.656638] Key type dns_resolver registered
[    0.657216] mce: Using 0 MCE banks
[    0.657597] RAS: Correctable Errors collector initialized.
[    0.658171] sched_clock: Marking stable (657193091, 0)->(814584460, -157391369)
[    0.659196] registered taskstats version 1
[    0.659676] Loading compiled-in X.509 certificates
[    0.661379] Loaded X.509 cert 'Build time autogenerated kernel key: 244b473b43e18b01f00e37a87f2ecd28620f0244'
[    0.662360] zswap: loaded using pool lzo/zbud
[    0.664421] Key type big_key registered
[    0.664828] Key type trusted registered
[    0.665972] Key type encrypted registered
[    0.666395] AppArmor: AppArmor sha1 policy hashing enabled
[    0.666935] ima: No TPM chip found, activating TPM-bypass! (rc=-19)
[    0.667544] ima: Allocated hash algorithm: sha1
[    0.668009] evm: HMAC attrs: 0x1
[    0.668514]   Magic number: 0:638:306
[    0.668918] tty tty35: hash matches
[    0.669372] rtc_cmos rtc_cmos: setting system clock to 2020-04-17 01:19:06 UTC (1587086346)
[    0.670254] BIOS EDD facility v0.16 2004-Jun-25, 0 devices found
[    0.670843] EDD information not available.
[    0.965110] Freeing unused kernel image memory: 2432K
[    0.976037] Write protecting the kernel read-only data: 20480k
[    0.977015] Freeing unused kernel image memory: 2008K
[    0.977744] Freeing unused kernel image memory: 1880K
[    0.983422] x86/mm: Checked W+X mappings: passed, no W+X pages found.
Loading, please wait...
starting version 237
[    1.022455] e1000: Intel(R) PRO/1000 Network Driver - version 7.3.21-k8-NAPI
[    1.023368] e1000: Copyright (c) 1999-2006 Intel Corporation.
[    1.026924] Fusion MPT base driver 3.04.20
[    1.027424] Copyright (c) 1999-2008 LSI Corporation
[    1.030040] Fusion MPT SPI Host driver 3.04.20
[    1.039618] AVX2 version of gcm_enc/dec engaged.
[    1.040155] AES CTR mode by8 optimization enabled
[    1.241965] input: ImExPS/2 Generic Explorer Mouse as /devices/platform/i8042/serio1/input/input4
[    1.372602] e1000 0000:00:03.0 eth0: (PCI:33MHz:32-bit) 02:43:0e:00:05:fc
[    1.373817] e1000 0000:00:03.0 eth0: Intel(R) PRO/1000 Network Connection
[    1.375461] mptbase: ioc0: Initiating bringup
[    1.376085] e1000 0000:00:03.0 enp0s3: renamed from eth0
[    1.485202] ioc0: LSI53C1030 A0: Capabilities={Initiator}
[    1.741345] scsi host2: ioc0: LSI53C1030 A0, FwRev=00000000h, Ports=1, MaxQ=256, IRQ=20
[    2.521432] scsi 2:0:0:0: Direct-Access     VBOX     HARDDISK         1.0  PQ: 0 ANSI: 5
[    2.548420] scsi target2:0:0: Beginning Domain Validation
[    2.550341] scsi target2:0:0: Domain Validation skipping write tests
[    2.551448] scsi target2:0:0: Ending Domain Validation
[    2.552416] scsi target2:0:0: asynchronous
[    2.553679] scsi 2:0:1:0: Direct-Access     VBOX     HARDDISK         1.0  PQ: 0 ANSI: 5
[    2.620726] scsi target2:0:1: Beginning Domain Validation
[    2.622330] random: fast init done
[    2.622803] scsi target2:0:1: Domain Validation skipping write tests
[    2.623412] scsi target2:0:1: Ending Domain Validation
[    2.624022] scsi target2:0:1: asynchronous
[    2.626995] random: systemd-udevd: uninitialized urandom read (16 bytes read)
[    2.627038] sd 2:0:0:0: Attached scsi generic sg0 type 0
[    2.628195] random: systemd-udevd: uninitialized urandom read (16 bytes read)
[    2.628849] sd 2:0:0:0: [sda] 20971520 512-byte logical blocks: (10.7 GB/10.0 GiB)
[    2.630034] random: systemd-udevd: uninitialized urandom read (16 bytes read)
[    2.630903] sd 2:0:0:0: [sda] Write Protect is off
[    2.632626] sd 2:0:1:0: Attached scsi generic sg1 type 0
[    2.634198] sd 2:0:1:0: [sdb] 20480 512-byte logical blocks: (10.5 MB/10.0 MiB)
[    2.634217] sd 2:0:0:0: [sda] Incomplete mode parameter data
[    2.635116] sd 2:0:1:0: [sdb] Write Protect is off
[    2.635664] sd 2:0:0:0: [sda] Assuming drive cache: write through
[    2.636841] sd 2:0:1:0: [sdb] Incomplete mode parameter data
[    2.637429] sd 2:0:1:0: [sdb] Assuming drive cache: write through
[    2.645795]  sda: sda1
[    2.646526] sd 2:0:0:0: [sda] Attached SCSI disk
[    2.646693] sd 2:0:1:0: [sdb] Attached SCSI disk
Begin: Loading essential drivers ... [    3.992024] raid6: sse2x1   gen()  8471 MB/s
[    4.041833] raid6: sse2x1   xor()  9016 MB/s
[    4.088769] raid6: sse2x2   gen() 17829 MB/s
[    4.136635] raid6: sse2x2   xor() 11709 MB/s
[    4.184568] raid6: sse2x4   gen() 18566 MB/s
[    4.232681] raid6: sse2x4   xor() 10061 MB/s
[    4.280306] raid6: avx2x1   gen() 19993 MB/s
[    4.328167] raid6: avx2x1   xor() 16618 MB/s
[    4.376058] raid6: avx2x2   gen() 35589 MB/s
[    4.424570] raid6: avx2x2   xor() 21875 MB/s
[    4.472472] raid6: avx2x4   gen() 36918 MB/s
[    4.520347] raid6: avx2x4   xor() 16209 MB/s
[    4.520852] raid6: using algorithm avx2x4 gen() 36918 MB/s
[    4.521466] raid6: .... xor() 16209 MB/s, rmw enabled
[    4.522011] raid6: using avx2x2 recovery algorithm
[    4.523285] xor: automatically using best checksumming function   avx       
[    4.524672] async_tx: api initialized (async)
done.
Begin: Running /scripts/init-premount ... done.
Begin: Mounting root file system ... Begin: Running /scripts/local-top ... done.
Begin: Running /scripts/local-premount ... [    4.553409] Btrfs loaded, crc32c=crc32c-intel
Scanning for Btrfs filesystems
done.
Warning: fsck not present, so skipping root file system
[    4.576271] EXT4-fs (sda1): INFO: recovery required on readonly filesystem
[    4.576965] EXT4-fs (sda1): write access will be enabled during recovery
[    4.682307] EXT4-fs (sda1): recovery complete
[    4.682937] EXT4-fs (sda1): mounted filesystem with ordered data mode. Opts: (null)
done.
Begin: Running /scripts/local-bottom ... done.
Begin: Running /scripts/init-bottom ... done.
[    4.801473] ip_tables: (C) 2000-2006 Netfilter Core Team
[    4.807328] systemd[1]: systemd 237 running in system mode. (+PAM +AUDIT +SELINUX +IMA +APPARMOR +SMACK +SYSVINIT +UTMP +LIBCRYPTSETUP +GCRYPT +GNUTLS +ACL +XZ +LZ4 +SECCOMP +BLKID +ELFUTILS +KMOD -IDN2 +IDN -PCRE2 default-hierarchy=hybrid)
[    4.809506] systemd[1]: Detected virtualization oracle.
[    4.810027] systemd[1]: Detected architecture x86-64.

Welcome to [1mUbuntu 18.04.4 LTS[0m!

[    4.813927] systemd[1]: Set hostname to <ubuntu-bionic>.
[    5.017404] systemd[1]: Started Forward Password Requests to Wall Directory Watch.
[[0;32m  OK  [0m] Started Forward Password Requests to Wall Directory Watch.
[    5.019587] systemd[1]: Created slice User and Session Slice.
[[0;32m  OK  [0m] Created slice User and Session Slice.
[    5.020534] systemd[1]: Reached target Swap.
[[0;32m  OK  [0m] Reached target Swap.
[    5.021570] systemd[1]: Set up automount Arbitrary Executable File Formats File System Automount Point.
[[0;32m  OK  [0m] Set up automount Arbitrary Executab…rmats File System Automount Point.
[    5.024044] systemd[1]: Reached target User and Group Name Lookups.
[[0;32m  OK  [0m] Reached target User and Group Name Lookups.
[    5.025717] systemd[1]: Created slice System Slice.
[[0;32m  OK  [0m] Created slice System Slice.
[[0;32m  OK  [0m] Listening on Network Service Netlink Socket.
[[0;32m  OK  [0m] Listening on udev Control Socket.
[[0;32m  OK  [0m] Reached target Slices.
[[0;32m  OK  [0m] Listening on /dev/initctl Compatibility Named Pipe.
[[0;32m  OK  [0m] Listening on Journal Socket.
         Mounting Kernel Debug File System...
         Starting Create list of required st…ce nodes for the current kernel...
         Starting Uncomplicated firewall...
         Starting Set the console keyboard layout...
[[0;32m  OK  [0m] Listening on LVM2 poll daemon socket.
[[0;32m  OK  [0m] Listening on udev Kernel Socket.
         Starting udev Coldplug all Devices...
[[0;32m  OK  [0m] Created slice system-serial\x2dgetty.slice.
[[0;32m  OK  [0m] Listening on Device-mapper event daemon FIFOs.
         Mounting POSIX Message Queue File System...
         Mounting Huge Pages File System...
[[0;32m  OK  [0m] Listening on Journal Socket (/dev/log).
[[0;32m  OK  [0m] Listening on LVM2 metadata daemon socket.
         Starting Monitoring of LVM2 mirrors…ng dmeventd or progress polling...
[[0;32m  OK  [0m] Listening on Syslog Socket.
[[0;32m  OK  [0m] Reached target System Time Synchronized.
         Starting Remount Root and Kernel File Systems...
         Starting Load Kernel Modules...
[[0;32m  OK  [0m] Listening on Journal Audit Socket.
         Starting Journal Service...
[[0;32m  OK  [0m] Mounted Kernel Debug File System.
[[0;32m  OK  [0m] Started Create list of required sta…vice nodes for the current kernel.
[[0;32m  OK  [0m] Started Uncomplicated firewall.
[[0;32m  OK  [0m] Mounted POSIX Message Queue File System.
[[0;32m  OK  [0m] Mounted Huge Pages File System.
         Starting Create Static Device Nodes in /dev...
[[0;32m  OK  [0m] Started udev Coldplug all Devices.
[[0;32m  OK  [0m] Started LVM2 metadata daemon.
[    5.108839] Loading iSCSI transport class v2.0-870.
[    5.112394] iscsi: registered transport (tcp)
[    5.126398] iscsi: registered transport (iser)
[[0;32m  OK  [0m] Started Load Kernel Modules.
         Mounting Kernel Configuration File System...
         Starting Apply Kernel Variables...
         Mounting FUSE Control File System...
[[0;32m  OK  [0m] Mounted Kernel Configuration File System.
[[0;32m  OK  [0m] Mounted FUSE Control File System.
[[0;32m  OK  [0m] Started Create Static Device Nodes in /dev.
[[0;32m  OK  [0m] Started Journal Service.
[    5.157357] EXT4-fs (sda1): re-mounted. Opts: (null)
[[0;32m  OK  [0m] Started Remount Root and Kernel File Systems.
         Starting udev Kernel Device Manager...
         Starting Load/Save Random Seed...
         Starting Flush Journal to Persistent Storage...
[[0;32m  OK  [0m] Started Monitoring of LVM2 mirrors,…sing dmeventd or progress polling.
[[0;32m  OK  [0m] Started Load/Save Random Seed.
[[0;32m  OK  [0m] Started udev Kernel Device Manager.
[[0;32m  OK  [0m] Started Apply Kernel Variables.
[[0;32m  OK  [0m] Started Set the console keyboard layout.
[[0;32m  OK  [0m] Started Dispatch Password Requests to Console Directory Watch.
[[0;32m  OK  [0m] Reached target Local Encrypted Volumes.
[[0;32m  OK  [0m] Reached target Local File Systems (Pre).
[[0;32m  OK  [0m] Reached target Local File Systems.
         Starting AppArmor initialization...
         Starting Set console font and keymap...
         Starting ebtables ruleset management...
         Starting Tell Plymouth To Write Out Runtime Data...
[[0;32m  OK  [0m] Started Set console font and keymap.
[[0;32m  OK  [0m] Started Flush Journal to Persistent Storage.
         Starting Create Volatile Files and Directories...
[[0;32m  OK  [0m] Started Tell Plymouth To Write Out Runtime Data.
[[0;32m  OK  [0m] Started Create Volatile Files and Directories.
         Starting Update UTMP about System Boot/Shutdown...
[[0;32m  OK  [0m] Started Update UTMP about System Boot/Shutdown.
[[0;32m  OK  [0m] Found device /dev/ttyS0.
[[0;32m  OK  [0m] Started ebtables ruleset management.
[[0;32m  OK  [0m] Listening on Load/Save RF Kill Switch Status /dev/rfkill Watch.
[[0;32m  OK  [0m] Started AppArmor initialization.
         Starting Initial cloud-init job (pre-networking)...
[    6.178711] cloud-init[540]: Cloud-init v. 19.4-33-gbb4131a2-0ubuntu1~18.04.1 running 'init-local' at Fri, 17 Apr 2020 01:19:11 +0000. Up 6.04 seconds.
[[0;32m  OK  [0m] Started Initial cloud-init job (pre-networking).
[[0;32m  OK  [0m] Reached target Network (Pre).
         Starting Network Service...
[[0;32m  OK  [0m] Started Network Service.
         Starting Wait for Network to be Configured...
         Starting Network Name Resolution...
[[0;32m  OK  [0m] Started Network Name Resolution.
[[0;32m  OK  [0m] Reached target Host and Network Name Lookups.
[[0;32m  OK  [0m] Reached target Network.
[[0;32m  OK  [0m] Started Wait for Network to be Configured.
         Starting Initial cloud-init job (metadata service crawler)...
[    7.853240] cloud-init[656]: Cloud-init v. 19.4-33-gbb4131a2-0ubuntu1~18.04.1 running 'init' at Fri, 17 Apr 2020 01:19:13 +0000. Up 7.76 seconds.
[    7.854807] cloud-init[656]: ci-info: +++++++++++++++++++++++++++++++++++++Net device info+++++++++++++++++++++++++++++++++++++
[    7.868129] cloud-init[656]: ci-info: +--------+------+--------------------------+---------------+--------+-------------------+
[    7.868967] cloud-init[656]: ci-info: | Device |  Up  |         Address          |      Mask     | Scope  |     Hw-Address    |
[    7.869799] cloud-init[656]: ci-info: +--------+------+--------------------------+---------------+--------+-------------------+
[    7.870669] cloud-init[656]: ci-info: | enp0s3 | True |        10.0.2.15         | 255.255.255.0 | global | 02:43:0e:00:05:fc |
[    7.871557] cloud-init[656]: ci-info: | enp0s3 | True | fe80::43:eff:fe00:5fc/64 |       .       |  link  | 02:43:0e:00:05:fc |
[    7.872493] cloud-init[656]: ci-info: |   lo   | True |        127.0.0.1         |   255.0.0.0   |  host  |         .         |
[    7.873339] cloud-init[656]: ci-info: |   lo   | True |         ::1/128          |       .       |  host  |         .         |
[    7.874331] cloud-init[656]: ci-info: +--------+------+--------------------------+---------------+--------+-------------------+
[    7.875218] cloud-init[656]: ci-info: ++++++++++++++++++++++++++++Route IPv4 info+++++++++++++++++++++++++++++
[    7.876043] cloud-init[656]: ci-info: +-------+-------------+----------+-----------------+-----------+-------+
[    7.876855] cloud-init[656]: ci-info: | Route | Destination | Gateway  |     Genmask     | Interface | Flags |
[    7.877642] cloud-init[656]: ci-info: +-------+-------------+----------+-----------------+-----------+-------+
[    7.878414] cloud-init[656]: ci-info: |   0   |   0.0.0.0   | 10.0.2.2 |     0.0.0.0     |   enp0s3  |   UG  |
[    7.880468] cloud-init[656]: ci-info: |   1   |   10.0.2.0  | 0.0.0.0  |  255.255.255.0  |   enp0s3  |   U   |
[    7.881182] cloud-init[656]: ci-info: |   2   |   10.0.2.2  | 0.0.0.0  | 255.255.255.255 |   enp0s3  |   UH  |
[    7.881872] cloud-init[656]: ci-info: +-------+-------------+----------+-----------------+-----------+-------+
[    7.882911] cloud-init[656]: ci-info: +++++++++++++++++++Route IPv6 info+++++++++++++++++++
[    7.883493] cloud-init[656]: ci-info: +-------+-------------+---------+-----------+-------+
[    7.884027] cloud-init[656]: ci-info: | Route | Destination | Gateway | Interface | Flags |
[    7.884612] cloud-init[656]: ci-info: +-------+-------------+---------+-----------+-------+
[    7.885193] cloud-init[656]: ci-info: |   1   |  fe80::/64  |    ::   |   enp0s3  |   U   |
[    7.885766] cloud-init[656]: ci-info: |   3   |    local    |    ::   |   enp0s3  |   U   |
[    7.896342] cloud-init[656]: ci-info: |   4   |   ff00::/8  |    ::   |   enp0s3  |   U   |
[    7.896918] cloud-init[656]: ci-info: +-------+-------------+---------+-----------+-------+
[[0;32m  OK  [0m] Started Initial cloud-init job (metadata service crawler).
[[0;32m  OK  [0m] Reached target Cloud-config availability.
[[0;32m  OK  [0m] Reached target System Initialization.
         Starting LXD - unix socket.
[[0;32m  OK  [0m] Listening on ACPID Listen Socket.
[[0;32m  OK  [0m] Listening on D-Bus System Message Bus Socket.
[[0;32m  OK  [0m] Started Discard unused blocks once a week.
[[0;32m  OK  [0m] Started Daily Cleanup of Temporary Directories.
[[0;32m  OK  [0m] Listening on UUID daemon activation socket.
[[0;32m  OK  [0m] Started ACPI Events Check.
[[0;32m  OK  [0m] Reached target Paths.
[[0;32m  OK  [0m] Started Message of the Day.
[[0;32m  OK  [0m] Started Daily apt upgrade and clean activities.
         Starting Socket activation for snappy daemon.
[[0;32m  OK  [0m] Reached target Timers.
[[0;32m  OK  [0m] Listening on Open-iSCSI iscsid Socket.
[[0;32m  OK  [0m] Reached target Network is Online.
         Starting Availability of block devices...
[[0;32m  OK  [0m] Reached target Remote File Systems (Pre).
[[0;32m  OK  [0m] Reached target Remote File Systems.
[[0;32m  OK  [0m] Listening on LXD - unix socket.
[[0;32m  OK  [0m] Listening on Socket activation for snappy daemon.
[[0;32m  OK  [0m] Reached target Sockets.
[[0;32m  OK  [0m] Reached target Basic System.
         Starting Accounts Service...
         Starting OpenBSD Secure Shell server...
[[0;32m  OK  [0m] Started Deferred execution scheduler.
         Starting LSB: Record successful boot for GRUB...
         Starting Virtualbox guest utils...
         Starting Permit User Sessions...
[[0;32m  OK  [0m] Started D-Bus System Message Bus.
[[0;32m  OK  [0m] Started irqbalance daemon.
         Starting Login Service...
[[0;32m  OK  [0m] Started FUSE filesystem for LXC.
         Starting Message of the Day...
         Starting System Logging Service...
         Starting LSB: automatic crash report generation...
[[0;32m  OK  [0m] Started Regular background program processing daemon.
         Starting Dispatcher daemon for systemd-networkd...
         Starting Snappy daemon...
         Starting Daily apt upgrade and clean activities...
         Starting LXD - container startup/shutdown...
[[0;32m  OK  [0m] Started Availability of block devices.
[[0;32m  OK  [0m] Started Permit User Sessions.
         Starting Hold until boot process finishes up...
         Starting Terminate Plymouth Boot Screen...
[[0;32m  OK  [0m] Started Hold until boot process finishes up.
         Starting Set console scheme...
[[0;32m  OK  [0m] Started Serial Getty on ttyS0.
[[0;32m  OK  [0m] Started OpenBSD Secure Shell server.
[[0;32m  OK  [0m] Started System Logging Service.
[[0;32m  OK  [0m] Started Terminate Plymouth Boot Screen.
[[0;32m  OK  [0m] Started Set console scheme.
[[0;32m  OK  [0m] Started Login Service.
[[0;32m  OK  [0m] Started Unattended Upgrades Shutdown.
[[0;32m  OK  [0m] Created slice system-getty.slice.
[[0;32m  OK  [0m] Started Getty on tty1.
[[0;32m  OK  [0m] Reached target Login Prompts.
         Starting Authorization Manager...
[[0;32m  OK  [0m] Started Authorization Manager.
[[0;32m  OK  [0m] Started Accounts Service.
[[0;32m  OK  [0m] Started LSB: Record successful boot for GRUB.
[[0;32m  OK  [0m] Started LSB: automatic crash report generation.
[[0;32m  OK  [0m] Started Virtualbox guest utils.
[[0;32m  OK  [0m] Started LXD - container startup/shutdown.
[[0;32m  OK  [0m] Started Dispatcher daemon for systemd-networkd.
[[0;32m  OK  [0m] Started Snappy daemon.
         Starting Wait until snapd is fully seeded...
[[0;32m  OK  [0m] Started Wait until snapd is fully seeded.
         Starting Apply the settings specified in cloud-config...
[[0;32m  OK  [0m] Reached target Multi-User System.
[[0;32m  OK  [0m] Reached target Graphical Interface.
         Starting Update UTMP about System Runlevel Changes...
[[0;32m  OK  [0m] Started Update UTMP about System Runlevel Changes.
[    9.197651] cloud-init[1181]: Cloud-init v. 19.4-33-gbb4131a2-0ubuntu1~18.04.1 running 'modules:config' at Fri, 17 Apr 2020 01:19:14 +0000. Up 9.12 seconds.
[[0;32m  OK  [0m] Started Apply the settings specified in cloud-config.
         Starting Execute cloud user/final scripts...
[[0;32m  OK  [0m] Started Message of the Day.
[    9.538446] cloud-init[1246]: Cloud-init v. 19.4-33-gbb4131a2-0ubuntu1~18.04.1 running 'modules:final' at Fri, 17 Apr 2020 01:19:15 +0000. Up 9.44 seconds.
[    9.539617] cloud-init[1246]: Cloud-init v. 19.4-33-gbb4131a2-0ubuntu1~18.04.1 finished at Fri, 17 Apr 2020 01:19:15 +0000. Datasource DataSourceNoCloud [seed=/dev/sdb][dsmode=net].  Up 9.53 seconds
[[0;32m  OK  [0m] Started Execute cloud user/final scripts.
[[0;32m  OK  [0m] Reached target Cloud-init target.
[[0;32m  OK  [0m] Created slice User Slice of vagrant.
         Starting User Manager for UID 1000...
[[0;32m  OK  [0m] Started Session 1 of user vagrant.
[[0;32m  OK  [0m] Started User Manager for UID 1000.

Ubuntu 18.04.4 LTS ubuntu-bionic ttyS0

ubuntu-bionic login: 